(1896)
3 (63)
4 (1277)
5 (135)
7 (35)
8 (39)
11 (55)
12 (39)
13 (45)
14 (39)
15 (41)
16 (215)
17 (41)
18 (49)
19 (243)
21 (45)
22 (31)
23 (39)
27 (141)
29 (97)
30 (71)
31 (53)
32 (143)
33 (47)
34 (147)
35 (57)
36 (143)
37 (141)
38 (143)
40 (79)
41 (85)
42 (33)
47 (57)
57 (103)
58 (139)
78 (61)
83 (225)
96 (83)
100 (155)
124 (165)
140 (107)
150 (141)
193 (169)
202 (41)
220 (49)
231 (31)
251 (431)
252 (31)
253 (103)
254 (101)
256 (41)
265 (69)
285 (101)
286 (33)
289 (85)
306 (45)
315 (101)
317 (41)
322 (55)
323 (65)
336 (71)
370 (31)
396 (51)
405 (75)
423 (41)
428 (231)
464 (35)
469 (37)
558 (45)
619 (85)
758 (33)
876 (51)
877 (37)
992 (31)
1047 (31)
1051 (33)
1105 (35)
1132 (35)
1444 (31)
1488 (45)
1489 (111)
1491 (45)
1492 (43)
1493 (47)
1494 (45)
1496 (83)
1497 (35)
1603 (53)
1632 (31)
2029 (55)
2517 (43)
2619 (69)
3384 (31)
3746 (39)
13831 (35)
22 23 (61)
252 428 (32)
251 252 (37)
4 252 (36)
35 370 (52)
30 370 (32)
29 370 (44)
315 370 (40)
37 370 (62)
32 370 (62)
36 370 (62)
38 370 (62)
34 370 (62)
4 370 (62)
4 1047 (46)
83 1444 (40)
4 3384 (42)
33 42 (37)
42 323 (46)
40 42 (77)
41 42 (77)
37 42 (65)
32 42 (65)
36 42 (65)
38 42 (65)
34 42 (65)
4 42 (66)
286 289 (57)
285 286 (65)
100 286 (66)
16 286 (66)
4 286 (82)
4 7 (81)
253 464 (62)
124 464 (38)
251 464 (70)
317 1105 (34)
30 1105 (30)
41 1105 (40)
29 1105 (62)
315 1105 (70)
37 1105 (70)
32 1105 (70)
36 1105 (70)
38 1105 (70)
34 1105 (70)
4 1105 (70)
876 1132 (32)
140 1132 (38)
4 1132 (30)
1492 1497 (69)
1488 1497 (69)
1491 1497 (69)
1494 1497 (69)
1493 1497 (69)
1496 1497 (69)
1489 1497 (69)
58 1497 (70)
193 1497 (70)
4 1497 (70)
96 13831 (46)
193 13831 (48)
251 13831 (36)
124 469 (30)
83 469 (46)
4 877 (38)
8 83 (48)
8 19 (44)
12 14 (77)
12 15 (77)
12 17 (77)
12 13 (77)
12 18 (77)
12 16 (77)
12 19 (77)
4 12 (78)
14 15 (77)
14 17 (77)
13 14 (77)
14 18 (77)
14 16 (77)
14 19 (77)
4 14 (78)
251 3746 (46)
15 17 (77)
13 15 (77)
15 18 (77)
15 16 (77)
15 19 (77)
4 15 (78)
13 17 (77)
17 18 (77)
16 17 (77)
17 19 (81)
4 17 (82)
83 202 (30)
4 202 (32)
256 619 (76)
254 256 (77)
253 256 (37)
256 428 (44)
251 256 (81)
31 317 (36)
30 317 (48)
40 317 (46)
41 317 (50)
29 317 (52)
315 317 (81)
37 317 (82)
32 317 (82)
36 317 (82)
38 317 (82)
34 317 (82)
4 317 (82)
423 428 (44)
4 423 (30)
1488 1492 (85)
1491 1492 (85)
1492 1494 (85)
1492 1493 (85)
1492 1496 (85)
1489 1492 (85)
58 1492 (86)
193 1492 (86)
4 1492 (86)
83 2517 (62)
13 18 (77)
13 16 (85)
13 19 (77)
4 13 (86)
21 (30)
21 2029 (32)
4 21 (80)
4 558 (32)
1488 1491 (89)
1488 1494 (89)
1488 1493 (89)
1488 1496 (85)
1488 1489 (89)
58 1488 (90)
193 1488 (90)
4 1488 (90)
1491 1494 (89)
1491 1493 (89)
1491 1496 (85)
1489 1491 (89)
58 1491 (90)
193 1491 (90)
4 1491 (90)
1493 1494 (89)
1494 1496 (85)
1489 1494 (89)
58 1494 (90)
193 1494 (90)
4 1494 (90)
33 322 (40)
33 35 (61)
33 323 (68)
33 40 (73)
33 41 (61)
33 37 (81)
32 33 (81)
33 36 (81)
33 38 (81)
33 34 (81)
4 33 (94)
1493 1496 (85)
1489 1493 (89)
58 1493 (90)
193 1493 (90)
4 1493 (90)
16 18 (89)
18 19 (105)
4 18 (86)
220 (68)
11 220 (90)
78 220 (90)
19 220 (90)
4 220 (94)
396 (37)
396 1603 (68)
396 1489 (36)
4 396 (78)
876 (37)
4 876 (50)
31 (34)
31 322 (52)
31 35 (45)
30 31 (121)
29 31 (129)
31 315 (96)
31 37 (105)
31 32 (105)
31 36 (105)
31 38 (105)
31 34 (105)
4 31 (106)
1603 (34)
4 1603 (70)
11 78 (48)
11 428 (40)
11 19 (48)
4 11 (57)
322 (39)
35 322 (52)
322 323 (61)
30 322 (60)
40 322 (38)
41 322 (38)
29 322 (64)
315 322 (69)
37 322 (110)
32 322 (110)
36 322 (110)
38 322 (110)
34 322 (110)
4 322 (110)
16 2029 (32)
4 2029 (76)
35 323 (68)
30 35 (57)
35 40 (65)
35 41 (57)
29 35 (65)
35 315 (52)
35 37 (113)
32 35 (113)
35 36 (113)
35 38 (113)
34 35 (113)
4 35 (114)
47 (32)
47 140 (30)
27 47 (92)
78 (30)
78 83 (41)
19 78 (52)
4 78 (76)
3 (39)
323 (44)
30 323 (36)
40 323 (94)
41 323 (74)
29 323 (40)
315 323 (61)
37 323 (130)
32 323 (130)
36 323 (130)
38 323 (130)
34 323 (130)
4 323 (130)
265 (34)
4 265 (80)
2619 (34)
57 2619 (138)
58 2619 (138)
30 (43)
30 41 (33)
29 30 (165)
30 315 (132)
30 37 (141)
30 32 (141)
30 36 (141)
30 38 (141)
30 34 (141)
4 30 (142)
336 (47)
140 336 (48)
27 336 (62)
405 (45)
4 405 (108)
40 (55)
40 41 (133)
29 40 (37)
40 315 (82)
37 40 (157)
32 40 (157)
36 40 (157)
38 40 (157)
34 40 (157)
4 40 (158)
96 (53)
96 124 (36)
96 193 (56)
83 96 (36)
96 428 (36)
19 96 (44)
96 251 (44)
4 96 (80)
1496 (45)
1489 1496 (93)
58 1496 (86)
193 1496 (130)
83 1496 (56)
251 1496 (32)
4 1496 (102)
41 (62)
29 41 (57)
41 315 (106)
37 41 (169)
32 41 (169)
36 41 (169)
38 41 (169)
34 41 (169)
4 41 (170)
289 (42)
285 289 (93)
100 289 (166)
16 289 (54)
83 289 (36)
19 289 (36)
4 289 (130)
619 (42)
254 619 (122)
253 619 (74)
16 619 (30)
428 619 (44)
251 619 (170)
29 (64)
29 315 (168)
29 37 (177)
29 32 (177)
29 36 (177)
29 38 (177)
29 34 (177)
4 29 (194)
254 (50)
253 254 (97)
124 254 (40)
16 254 (30)
83 254 (32)
254 428 (48)
251 254 (201)
285 (70)
100 285 (134)
16 285 (62)
83 285 (40)
19 285 (36)
4 285 (242)
315 (50)
37 315 (198)
32 315 (202)
36 315 (198)
38 315 (198)
34 315 (198)
4 315 (198)
57 (51)
57 140 (32)
57 58 (169)
4 57 (30)
253 (51)
124 253 (52)
83 253 (44)
253 428 (36)
251 253 (193)
140 (61)
58 140 (32)
27 140 (74)
4 140 (94)
1489 (55)
58 1489 (94)
193 1489 (102)
4 1489 (234)
5 (79)
5 16 (36)
5 83 (88)
5 428 (96)
5 19 (44)
5 251 (32)
4 5 (145)
58 (69)
58 193 (92)
4 58 (138)
27 (142)
27 100 (56)
27 251 (36)
4 27 (82)
37 (70)
32 37 (281)
36 37 (281)
37 38 (281)
34 37 (281)
4 37 (282)
150 (90)
16 150 (42)
83 150 (56)
150 428 (122)
150 251 (48)
4 150 (114)
32 (71)
32 36 (281)
32 38 (281)
32 34 (281)
4 32 (282)
36 (71)
36 38 (281)
34 36 (281)
4 36 (286)
38 (71)
34 38 (281)
4 38 (282)
34 (73)
4 34 (286)
100 (85)
16 100 (68)
83 100 (56)
19 100 (40)
4 100 (240)
124 (86)
124 193 (80)
83 124 (76)
124 428 (132)
124 251 (108)
4 124 (150)
193 (108)
83 193 (36)
193 428 (148)
19 193 (44)
193 251 (108)
4 193 (188)
16 (111)
16 83 (56)
16 428 (36)
16 19 (141)
16 251 (94)
4 16 (258)
83 (152)
83 428 (52)
19 83 (76)
83 251 (92)
4 83 (164)
428 (219)
19 428 (64)
251 428 (112)
4 428 (260)
19 (149)
19 251 (64)
4 19 (322)
251 (223)
4 251 (40)
4 (830)
32 37 323 (30)
36 37 323 (30)
37 38 323 (30)
34 37 323 (30)
4 37 323 (30)
32 36 323 (30)
32 38 323 (30)
32 34 323 (30)
4 32 323 (30)
36 38 323 (30)
34 36 323 (30)
4 36 323 (30)
34 38 323 (30)
4 38 323 (30)
4 34 323 (30)
57 2619 (34)
58 2619 (34)
57 58 2619 (35)
29 30 (33)
30 315 (31)
30 37 (33)
30 32 (33)
30 36 (33)
30 38 (33)
30 34 (33)
4 30 (33)
29 30 315 (31)
29 30 37 (34)
29 30 32 (34)
29 30 36 (34)
29 30 38 (34)
29 30 34 (34)
4 29 30 (34)
30 37 315 (31)
30 32 315 (31)
30 36 315 (31)
30 38 315 (31)
30 34 315 (31)
4 30 315 (31)
30 32 37 (34)
30 36 37 (34)
30 37 38 (34)
30 34 37 (34)
4 30 37 (34)
30 32 36 (34)
30 32 38 (34)
30 32 34 (34)
4 30 32 (34)
30 36 38 (34)
30 34 36 (34)
4 30 36 (34)
30 34 38 (34)
4 30 38 (34)
4 30 34 (34)
37 40 (35)
32 40 (35)
36 40 (35)
38 40 (35)
34 40 (35)
4 40 (35)
32 37 40 (36)
36 37 40 (36)
37 38 40 (36)
34 37 40 (36)
4 37 40 (36)
32 36 40 (36)
32 38 40 (36)
32 34 40 (36)
4 32 40 (36)
36 38 40 (36)
34 36 40 (36)
4 36 40 (36)
34 38 40 (36)
4 38 40 (36)
4 34 40 (36)
37 41 (37)
32 41 (37)
36 41 (37)
38 41 (37)
34 41 (37)
4 41 (37)
32 37 41 (38)
36 37 41 (38)
37 38 41 (38)
34 37 41 (38)
4 37 41 (38)
32 36 41 (38)
32 38 41 (38)
32 34 41 (38)
4 32 41 (38)
36 38 41 (38)
34 36 41 (38)
4 36 41 (38)
34 38 41 (38)
4 38 41 (38)
4 34 41 (38)
100 289 (39)
254 619 (30)
251 619 (42)
251 254 619 (31)
29 315 (38)
29 37 (40)
29 32 (40)
29 36 (40)
29 38 (40)
29 34 (40)
4 29 (44)
29 37 315 (38)
29 32 315 (38)
29 36 315 (38)
29 38 315 (38)
29 34 315 (38)
4 29 315 (38)
29 32 37 (41)
29 36 37 (41)
29 37 38 (41)
29 34 37 (41)
4 29 37 (41)
29 32 36 (41)
29 32 38 (41)
29 32 34 (41)
4 29 32 (41)
29 36 38 (41)
29 34 36 (41)
4 29 36 (41)
29 34 38 (41)
4 29 38 (41)
4 29 34 (41)
251 254 (50)
4 285 (41)
4 100 285 (30)
37 315 (49)
32 315 (50)
36 315 (49)
38 315 (49)
34 315 (49)
4 315 (49)
32 37 315 (50)
36 37 315 (50)
37 38 315 (50)
34 37 315 (50)
4 37 315 (50)
32 36 315 (50)
32 38 315 (50)
32 34 315 (50)
4 32 315 (50)
36 38 315 (50)
34 36 315 (50)
4 36 315 (50)
34 38 315 (50)
4 38 315 (50)
4 34 315 (50)
57 58 (42)
251 253 (48)
4 1489 (46)
4 5 (30)
4 58 (34)
32 37 (70)
36 37 (70)
37 38 (70)
34 37 (70)
4 37 (70)
32 36 37 (71)
32 37 38 (71)
32 34 37 (71)
4 32 37 (71)
36 37 38 (71)
34 36 37 (71)
4 36 37 (71)
34 37 38 (71)
4 37 38 (71)
4 34 37 (71)
32 36 (70)
32 38 (70)
32 34 (70)
4 32 (70)
32 36 38 (71)
32 34 36 (71)
4 32 36 (71)
32 34 38 (71)
4 32 38 (71)
4 32 34 (71)
36 38 (70)
34 36 (70)
4 36 (71)
34 36 38 (71)
4 36 38 (71)
4 34 36 (71)
34 38 (70)
4 38 (70)
4 34 38 (71)
4 34 (71)
4 100 (48)
4 124 (33)
4 193 (41)
16 19 (33)
4 16 (57)
4 83 (33)
4 428 (35)
4 19 (72)
32 36 37 323 (30)
32 37 38 323 (30)
32 34 37 323 (30)
4 32 37 323 (30)
36 37 38 323 (30)
34 36 37 323 (30)
4 36 37 323 (30)
34 37 38 323 (30)
4 37 38 323 (30)
4 34 37 323 (30)
32 36 38 323 (30)
32 34 36 323 (30)
4 32 36 323 (30)
32 34 38 323 (30)
4 32 38 323 (30)
4 32 34 323 (30)
34 36 38 323 (30)
4 36 38 323 (30)
4 34 36 323 (30)
4 34 38 323 (30)
57 58 2619 (34)
29 30 315 (31)
29 30 37 (33)
29 30 32 (33)
29 30 36 (33)
29 30 38 (33)
29 30 34 (33)
4 29 30 (33)
30 37 315 (31)
30 32 315 (31)
30 36 315 (31)
30 38 315 (31)
30 34 315 (31)
4 30 315 (31)
30 32 37 (33)
30 36 37 (33)
30 37 38 (33)
30 34 37 (33)
4 30 37 (33)
30 32 36 (33)
30 32 38 (33)
30 32 34 (33)
4 30 32 (33)
30 36 38 (33)
30 34 36 (33)
4 30 36 (33)
30 34 38 (33)
4 30 38 (33)
4 30 34 (33)
29 30 37 315 (31)
29 30 32 315 (31)
29 30 36 315 (31)
29 30 38 315 (31)
29 30 34 315 (31)
4 29 30 315 (31)
29 30 32 37 (34)
29 30 36 37 (34)
29 30 37 38 (34)
29 30 34 37 (34)
4 29 30 37 (34)
29 30 32 36 (34)
29 30 32 38 (34)
29 30 32 34 (34)
4 29 30 32 (34)
29 30 36 38 (34)
29 30 34 36 (34)
4 29 30 36 (34)
29 30 34 38 (34)
4 29 30 38 (34)
4 29 30 34 (34)
30 32 37 315 (31)
30 36 37 315 (31)
30 37 38 315 (31)
30 34 37 315 (31)
4 30 37 315 (31)
30 32 36 315 (31)
30 32 38 315 (31)
30 32 34 315 (31)
4 30 32 315 (31)
30 36 38 315 (31)
30 34 36 315 (31)
4 30 36 315 (31)
30 34 38 315 (31)
4 30 38 315 (31)
4 30 34 315 (31)
30 32 36 37 (34)
30 32 37 38 (34)
30 32 34 37 (34)
4 30 32 37 (34)
30 36 37 38 (34)
30 34 36 37 (34)
4 30 36 37 (34)
30 34 37 38 (34)
4 30 37 38 (34)
4 30 34 37 (34)
30 32 36 38 (34)
30 32 34 36 (34)
4 30 32 36 (34)
30 32 34 38 (34)
4 30 32 38 (34)
4 30 32 34 (34)
30 34 36 38 (34)
4 30 36 38 (34)
4 30 34 36 (34)
4 30 34 38 (34)
32 37 40 (35)
36 37 40 (35)
37 38 40 (35)
34 37 40 (35)
4 37 40 (35)
32 36 40 (35)
32 38 40 (35)
32 34 40 (35)
4 32 40 (35)
36 38 40 (35)
34 36 40 (35)
4 36 40 (35)
34 38 40 (35)
4 38 40 (35)
4 34 40 (35)
32 36 37 40 (36)
32 37 38 40 (36)
32 34 37 40 (36)
4 32 37 40 (36)
36 37 38 40 (36)
34 36 37 40 (36)
4 36 37 40 (36)
34 37 38 40 (36)
4 37 38 40 (36)
4 34 37 40 (36)
32 36 38 40 (36)
32 34 36 40 (36)
4 32 36 40 (36)
32 34 38 40 (36)
4 32 38 40 (36)
4 32 34 40 (36)
34 36 38 40 (36)
4 36 38 40 (36)
4 34 36 40 (36)
4 34 38 40 (36)
32 37 41 (37)
36 37 41 (37)
37 38 41 (37)
34 37 41 (37)
4 37 41 (37)
32 36 41 (37)
32 38 41 (37)
32 34 41 (37)
4 32 41 (37)
36 38 41 (37)
34 36 41 (37)
4 36 41 (37)
34 38 41 (37)
4 38 41 (37)
4 34 41 (37)
32 36 37 41 (38)
32 37 38 41 (38)
32 34 37 41 (38)
4 32 37 41 (38)
36 37 38 41 (38)
34 36 37 41 (38)
4 36 37 41 (38)
34 37 38 41 (38)
4 37 38 41 (38)
4 34 37 41 (38)
32 36 38 41 (38)
32 34 36 41 (38)
4 32 36 41 (38)
32 34 38 41 (38)
4 32 38 41 (38)
4 32 34 41 (38)
34 36 38 41 (38)
4 36 38 41 (38)
4 34 36 41 (38)
4 34 38 41 (38)
251 254 619 (30)
29 37 315 (38)
29 32 315 (38)
29 36 315 (38)
29 38 315 (38)
29 34 315 (38)
4 29 315 (38)
29 32 37 (40)
29 36 37 (40)
29 37 38 (40)
29 34 37 (40)
4 29 37 (40)
29 32 36 (40)
29 32 38 (40)
29 32 34 (40)
4 29 32 (40)
29 36 38 (40)
29 34 36 (40)
4 29 36 (40)
29 34 38 (40)
4 29 38 (40)
4 29 34 (40)
29 32 37 315 (38)
29 36 37 315 (38)
29 37 38 315 (38)
29 34 37 315 (38)
4 29 37 315 (38)
29 32 36 315 (38)
29 32 38 315 (38)
29 32 34 315 (38)
4 29 32 315 (38)
29 36 38 315 (38)
29 34 36 315 (38)
4 29 36 315 (38)
29 34 38 315 (38)
4 29 38 315 (38)
4 29 34 315 (38)
29 32 36 37 (41)
29 32 37 38 (41)
29 32 34 37 (41)
4 29 32 37 (41)
29 36 37 38 (41)
29 34 36 37 (41)
4 29 36 37 (41)
29 34 37 38 (41)
4 29 37 38 (41)
4 29 34 37 (41)
29 32 36 38 (41)
29 32 34 36 (41)
4 29 32 36 (41)
29 32 34 38 (41)
4 29 32 38 (41)
4 29 32 34 (41)
29 34 36 38 (41)
4 29 36 38 (41)
4 29 34 36 (41)
4 29 34 38 (41)
32 37 315 (49)
36 37 315 (49)
37 38 315 (49)
34 37 315 (49)
4 37 315 (49)
32 36 315 (49)
32 38 315 (49)
32 34 315 (49)
4 32 315 (49)
36 38 315 (49)
34 36 315 (49)
4 36 315 (49)
34 38 315 (49)
4 38 315 (49)
4 34 315 (49)
32 36 37 315 (50)
32 37 38 315 (50)
32 34 37 315 (50)
4 32 37 315 (50)
36 37 38 315 (50)
34 36 37 315 (50)
4 36 37 315 (50)
34 37 38 315 (50)
4 37 38 315 (50)
4 34 37 315 (50)
32 36 38 315 (50)
32 34 36 315 (50)
4 32 36 315 (50)
32 34 38 315 (50)
4 32 38 315 (50)
4 32 34 315 (50)
34 36 38 315 (50)
4 36 38 315 (50)
4 34 36 315 (50)
4 34 38 315 (50)
32 36 37 (70)
32 37 38 (70)
32 34 37 (70)
4 32 37 (70)
36 37 38 (70)
34 36 37 (70)
4 36 37 (70)
34 37 38 (70)
4 37 38 (70)
4 34 37 (70)
32 36 37 38 (71)
32 34 36 37 (71)
4 32 36 37 (71)
32 34 37 38 (71)
4 32 37 38 (71)
4 32 34 37 (71)
34 36 37 38 (71)
4 36 37 38 (71)
4 34 36 37 (71)
4 34 37 38 (71)
32 36 38 (70)
32 34 36 (70)
4 32 36 (70)
32 34 38 (70)
4 32 38 (70)
4 32 34 (70)
32 34 36 38 (71)
4 32 36 38 (71)
4 32 34 36 (71)
4 32 34 38 (71)
34 36 38 (70)
4 36 38 (70)
4 34 36 (70)
4 34 36 38 (71)
4 34 38 (70)
32 36 37 38 323 (30)
32 34 36 37 323 (30)
4 32 36 37 323 (30)
32 34 37 38 323 (30)
4 32 37 38 323 (30)
4 32 34 37 323 (30)
34 36 37 38 323 (30)
4 36 37 38 323 (30)
4 34 36 37 323 (30)
4 34 37 38 323 (30)
32 34 36 38 323 (30)
4 32 36 38 323 (30)
4 32 34 36 323 (30)
4 32 34 38 323 (30)
4 34 36 38 323 (30)
29 30 37 315 (31)
29 30 32 315 (31)
29 30 36 315 (31)
29 30 38 315 (31)
29 30 34 315 (31)
4 29 30 315 (31)
29 30 32 37 (33)
29 30 36 37 (33)
29 30 37 38 (33)
29 30 34 37 (33)
4 29 30 37 (33)
29 30 32 36 (33)
29 30 32 38 (33)
29 30 32 34 (33)
4 29 30 32 (33)
29 30 36 38 (33)
29 30 34 36 (33)
4 29 30 36 (33)
29 30 34 38 (33)
4 29 30 38 (33)
4 29 30 34 (33)
30 32 37 315 (31)
30 36 37 315 (31)
30 37 38 315 (31)
30 34 37 315 (31)
4 30 37 315 (31)
30 32 36 315 (31)
30 32 38 315 (31)
30 32 34 315 (31)
4 30 32 315 (31)
30 36 38 315 (31)
30 34 36 315 (31)
4 30 36 315 (31)
30 34 38 315 (31)
4 30 38 315 (31)
4 30 34 315 (31)
30 32 36 37 (33)
30 32 37 38 (33)
30 32 34 37 (33)
4 30 32 37 (33)
30 36 37 38 (33)
30 34 36 37 (33)
4 30 36 37 (33)
30 34 37 38 (33)
4 30 37 38 (33)
4 30 34 37 (33)
30 32 36 38 (33)
30 32 34 36 (33)
4 30 32 36 (33)
30 32 34 38 (33)
4 30 32 38 (33)
4 30 32 34 (33)
30 34 36 38 (33)
4 30 36 38 (33)
4 30 34 36 (33)
4 30 34 38 (33)
29 30 32 37 315 (31)
29 30 36 37 315 (31)
29 30 37 38 315 (31)
29 30 34 37 315 (31)
4 29 30 37 315 (31)
29 30 32 36 315 (31)
29 30 32 38 315 (31)
29 30 32 34 315 (31)
4 29 30 32 315 (31)
29 30 36 38 315 (31)
29 30 34 36 315 (31)
4 29 30 36 315 (31)
29 30 34 38 315 (31)
4 29 30 38 315 (31)
4 29 30 34 315 (31)
29 30 32 36 37 (34)
29 30 32 37 38 (34)
29 30 32 34 37 (34)
4 29 30 32 37 (34)
29 30 36 37 38 (34)
29 30 34 36 37 (34)
4 29 30 36 37 (34)
29 30 34 37 38 (34)
4 29 30 37 38 (34)
4 29 30 34 37 (34)
29 30 32 36 38 (34)
29 30 32 34 36 (34)
4 29 30 32 36 (34)
29 30 32 34 38 (34)
4 29 30 32 38 (34)
4 29 30 32 34 (34)
29 30 34 36 38 (34)
4 29 30 36 38 (34)
4 29 30 34 36 (34)
4 29 30 34 38 (34)
30 32 36 37 315 (31)
30 32 37 38 315 (31)
30 32 34 37 315 (31)
4 30 32 37 315 (31)
30 36 37 38 315 (31)
30 34 36 37 315 (31)
4 30 36 37 315 (31)
30 34 37 38 315 (31)
4 30 37 38 315 (31)
4 30 34 37 315 (31)
30 32 36 38 315 (31)
30 32 34 36 315 (31)
4 30 32 36 315 (31)
30 32 34 38 315 (31)
4 30 32 38 315 (31)
4 30 32 34 315 (31)
30 34 36 38 315 (31)
4 30 36 38 315 (31)
4 30 34 36 315 (31)
4 30 34 38 315 (31)
30 32 36 37 38 (34)
30 32 34 36 37 (34)
4 30 32 36 37 (34)
30 32 34 37 38 (34)
4 30 32 37 38 (34)
4 30 32 34 37 (34)
30 34 36 37 38 (34)
4 30 36 37 38 (34)
4 30 34 36 37 (34)
4 30 34 37 38 (34)
30 32 34 36 38 (34)
4 30 32 36 38 (34)
4 30 32 34 36 (34)
4 30 32 34 38 (34)
4 30 34 36 38 (34)
32 36 37 40 (35)
32 37 38 40 (35)
32 34 37 40 (35)
4 32 37 40 (35)
36 37 38 40 (35)
34 36 37 40 (35)
4 36 37 40 (35)
34 37 38 40 (35)
4 37 38 40 (35)
4 34 37 40 (35)
32 36 38 40 (35)
32 34 36 40 (35)
4 32 36 40 (35)
32 34 38 40 (35)
4 32 38 40 (35)
4 32 34 40 (35)
34 36 38 40 (35)
4 36 38 40 (35)
4 34 36 40 (35)
4 34 38 40 (35)
32 36 37 38 40 (36)
32 34 36 37 40 (36)
4 32 36 37 40 (36)
32 34 37 38 40 (36)
4 32 37 38 40 (36)
4 32 34 37 40 (36)
34 36 37 38 40 (36)
4 36 37 38 40 (36)
4 34 36 37 40 (36)
4 34 37 38 40 (36)
32 34 36 38 40 (36)
4 32 36 38 40 (36)
4 32 34 36 40 (36)
4 32 34 38 40 (36)
4 34 36 38 40 (36)
32 36 37 41 (37)
32 37 38 41 (37)
32 34 37 41 (37)
4 32 37 41 (37)
36 37 38 41 (37)
34 36 37 41 (37)
4 36 37 41 (37)
34 37 38 41 (37)
4 37 38 41 (37)
4 34 37 41 (37)
32 36 38 41 (37)
32 34 36 41 (37)
4 32 36 41 (37)
32 34 38 41 (37)
4 32 38 41 (37)
4 32 34 41 (37)
34 36 38 41 (37)
4 36 38 41 (37)
4 34 36 41 (37)
4 34 38 41 (37)
32 36 37 38 41 (38)
32 34 36 37 41 (38)
4 32 36 37 41 (38)
32 34 37 38 41 (38)
4 32 37 38 41 (38)
4 32 34 37 41 (38)
34 36 37 38 41 (38)
4 36 37 38 41 (38)
4 34 36 37 41 (38)
4 34 37 38 41 (38)
32 34 36 38 41 (38)
4 32 36 38 41 (38)
4 32 34 36 41 (38)
4 32 34 38 41 (38)
4 34 36 38 41 (38)
29 32 37 315 (38)
29 36 37 315 (38)
29 37 38 315 (38)
29 34 37 315 (38)
4 29 37 315 (38)
29 32 36 315 (38)
29 32 38 315 (38)
29 32 34 315 (38)
4 29 32 315 (38)
29 36 38 315 (38)
29 34 36 315 (38)
4 29 36 315 (38)
29 34 38 315 (38)
4 29 38 315 (38)
4 29 34 315 (38)
29 32 36 37 (40)
29 32 37 38 (40)
29 32 34 37 (40)
4 29 32 37 (40)
29 36 37 38 (40)
29 34 36 37 (40)
4 29 36 37 (40)
29 34 37 38 (40)
4 29 37 38 (40)
4 29 34 37 (40)
29 32 36 38 (40)
29 32 34 36 (40)
4 29 32 36 (40)
29 32 34 38 (40)
4 29 32 38 (40)
4 29 32 34 (40)
29 34 36 38 (40)
4 29 36 38 (40)
4 29 34 36 (40)
4 29 34 38 (40)
29 32 36 37 315 (38)
29 32 37 38 315 (38)
29 32 34 37 315 (38)
4 29 32 37 315 (38)
29 36 37 38 315 (38)
29 34 36 37 315 (38)
4 29 36 37 315 (38)
29 34 37 38 315 (38)
4 29 37 38 315 (38)
4 29 34 37 315 (38)
29 32 36 38 315 (38)
29 32 34 36 315 (38)
4 29 32 36 315 (38)
29 32 34 38 315 (38)
4 29 32 38 315 (38)
4 29 32 34 315 (38)
29 34 36 38 315 (38)
4 29 36 38 315 (38)
4 29 34 36 315 (38)
4 29 34 38 315 (38)
29 32 36 37 38 (41)
29 32 34 36 37 (41)
4 29 32 36 37 (41)
29 32 34 37 38 (41)
4 29 32 37 38 (41)
4 29 32 34 37 (41)
29 34 36 37 38 (41)
4 29 36 37 38 (41)
4 29 34 36 37 (41)
4 29 34 37 38 (41)
29 32 34 36 38 (41)
4 29 32 36 38 (41)
4 29 32 34 36 (41)
4 29 32 34 38 (41)
4 29 34 36 38 (41)
32 36 37 315 (49)
32 37 38 315 (49)
32 34 37 315 (49)
4 32 37 315 (49)
36 37 38 315 (49)
34 36 37 315 (49)
4 36 37 315 (49)
34 37 38 315 (49)
4 37 38 315 (49)
4 34 37 315 (49)
32 36 38 315 (49)
32 34 36 315 (49)
4 32 36 315 (49)
32 34 38 315 (49)
4 32 38 315 (49)
4 32 34 315 (49)
34 36 38 315 (49)
4 36 38 315 (49)
4 34 36 315 (49)
4 34 38 315 (49)
32 36 37 38 315 (50)
32 34 36 37 315 (50)
4 32 36 37 315 (50)
32 34 37 38 315 (50)
4 32 37 38 315 (50)
4 32 34 37 315 (50)
34 36 37 38 315 (50)
4 36 37 38 315 (50)
4 34 36 37 315 (50)
4 34 37 38 315 (50)
32 34 36 38 315 (50)
4 32 36 38 315 (50)
4 32 34 36 315 (50)
4 32 34 38 315 (50)
4 34 36 38 315 (50)
32 36 37 38 (70)
32 34 36 37 (70)
4 32 36 37 (70)
32 34 37 38 (70)
4 32 37 38 (70)
4 32 34 37 (70)
34 36 37 38 (70)
4 36 37 38 (70)
4 34 36 37 (70)
4 34 37 38 (70)
32 34 36 37 38 (71)
4 32 36 37 38 (71)
4 32 34 36 37 (71)
4 32 34 37 38 (71)
4 34 36 37 38 (71)
32 34 36 38 (70)
4 32 36 38 (70)
4 32 34 36 (70)
4 32 34 38 (70)
4 32 34 36 38 (71)
4 34 36 38 (70)
32 34 36 37 38 323 (30)
4 32 36 37 38 323 (30)
4 32 34 36 37 323 (30)
4 32 34 37 38 323 (30)
4 34 36 37 38 323 (30)
4 32 34 36 38 323 (30)
29 30 32 37 315 (31)
29 30 36 37 315 (31)
29 30 37 38 315 (31)
29 30 34 37 315 (31)
4 29 30 37 315 (31)
29 30 32 36 315 (31)
29 30 32 38 315 (31)
29 30 32 34 315 (31)
4 29 30 32 315 (31)
29 30 36 38 315 (31)
29 30 34 36 315 (31)
4 29 30 36 315 (31)
29 30 34 38 315 (31)
4 29 30 38 315 (31)
4 29 30 34 315 (31)
29 30 32 36 37 (33)
29 30 32 37 38 (33)
29 30 32 34 37 (33)
4 29 30 32 37 (33)
29 30 36 37 38 (33)
29 30 34 36 37 (33)
4 29 30 36 37 (33)
29 30 34 37 38 (33)
4 29 30 37 38 (33)
4 29 30 34 37 (33)
29 30 32 36 38 (33)
29 30 32 34 36 (33)
4 29 30 32 36 (33)
29 30 32 34 38 (33)
4 29 30 32 38 (33)
4 29 30 32 34 (33)
29 30 34 36 38 (33)
4 29 30 36 38 (33)
4 29 30 34 36 (33)
4 29 30 34 38 (33)
30 32 36 37 315 (31)
30 32 37 38 315 (31)
30 32 34 37 315 (31)
4 30 32 37 315 (31)
30 36 37 38 315 (31)
30 34 36 37 315 (31)
4 30 36 37 315 (31)
30 34 37 38 315 (31)
4 30 37 38 315 (31)
4 30 34 37 315 (31)
30 32 36 38 315 (31)
30 32 34 36 315 (31)
4 30 32 36 315 (31)
30 32 34 38 315 (31)
4 30 32 38 315 (31)
4 30 32 34 315 (31)
30 34 36 38 315 (31)
4 30 36 38 315 (31)
4 30 34 36 315 (31)
4 30 34 38 315 (31)
30 32 36 37 38 (33)
30 32 34 36 37 (33)
4 30 32 36 37 (33)
30 32 34 37 38 (33)
4 30 32 37 38 (33)
4 30 32 34 37 (33)
30 34 36 37 38 (33)
4 30 36 37 38 (33)
4 30 34 36 37 (33)
4 30 34 37 38 (33)
30 32 34 36 38 (33)
4 30 32 36 38 (33)
4 30 32 34 36 (33)
4 30 32 34 38 (33)
4 30 34 36 38 (33)
29 30 32 36 37 315 (31)
29 30 32 37 38 315 (31)
29 30 32 34 37 315 (31)
4 29 30 32 37 315 (31)
29 30 36 37 38 315 (31)
29 30 34 36 37 315 (31)
4 29 30 36 37 315 (31)
29 30 34 37 38 315 (31)
4 29 30 37 38 315 (31)
4 29 30 34 37 315 (31)
29 30 32 36 38 315 (31)
29 30 32 34 36 315 (31)
4 29 30 32 36 315 (31)
29 30 32 34 38 315 (31)
4 29 30 32 38 315 (31)
4 29 30 32 34 315 (31)
29 30 34 36 38 315 (31)
4 29 30 36 38 315 (31)
4 29 30 34 36 315 (31)
4 29 30 34 38 315 (31)
29 30 32 36 37 38 (34)
29 30 32 34 36 37 (34)
4 29 30 32 36 37 (34)
29 30 32 34 37 38 (34)
4 29 30 32 37 38 (34)
4 29 30 32 34 37 (34)
29 30 34 36 37 38 (34)
4 29 30 36 37 38 (34)
4 29 30 34 36 37 (34)
4 29 30 34 37 38 (34)
29 30 32 34 36 38 (34)
4 29 30 32 36 38 (34)
4 29 30 32 34 36 (34)
4 29 30 32 34 38 (34)
4 29 30 34 36 38 (34)
30 32 36 37 38 315 (31)
30 32 34 36 37 315 (31)
4 30 32 36 37 315 (31)
30 32 34 37 38 315 (31)
4 30 32 37 38 315 (31)
4 30 32 34 37 315 (31)
30 34 36 37 38 315 (31)
4 30 36 37 38 315 (31)
4 30 34 36 37 315 (31)
4 30 34 37 38 315 (31)
30 32 34 36 38 315 (31)
4 30 32 36 38 315 (31)
4 30 32 34 36 315 (31)
4 30 32 34 38 315 (31)
4 30 34 36 38 315 (31)
30 32 34 36 37 38 (34)
4 30 32 36 37 38 (34)
4 30 32 34 36 37 (34)
4 30 32 34 37 38 (34)
4 30 34 36 37 38 (34)
4 30 32 34 36 38 (34)
32 36 37 38 40 (35)
32 34 36 37 40 (35)
4 32 36 37 40 (35)
32 34 37 38 40 (35)
4 32 37 38 40 (35)
4 32 34 37 40 (35)
34 36 37 38 40 (35)
4 36 37 38 40 (35)
4 34 36 37 40 (35)
4 34 37 38 40 (35)
32 34 36 38 40 (35)
4 32 36 38 40 (35)
4 32 34 36 40 (35)
4 32 34 38 40 (35)
4 34 36 38 40 (35)
32 34 36 37 38 40 (36)
4 32 36 37 38 40 (36)
4 32 34 36 37 40 (36)
4 32 34 37 38 40 (36)
4 34 36 37 38 40 (36)
4 32 34 36 38 40 (36)
32 36 37 38 41 (37)
32 34 36 37 41 (37)
4 32 36 37 41 (37)
32 34 37 38 41 (37)
4 32 37 38 41 (37)
4 32 34 37 41 (37)
34 36 37 38 41 (37)
4 36 37 38 41 (37)
4 34 36 37 41 (37)
4 34 37 38 41 (37)
32 34 36 38 41 (37)
4 32 36 38 41 (37)
4 32 34 36 41 (37)
4 32 34 38 41 (37)
4 34 36 38 41 (37)
32 34 36 37 38 41 (38)
4 32 36 37 38 41 (38)
4 32 34 36 37 41 (38)
4 32 34 37 38 41 (38)
4 34 36 37 38 41 (38)
4 32 34 36 38 41 (38)
29 32 36 37 315 (38)
29 32 37 38 315 (38)
29 32 34 37 315 (38)
4 29 32 37 315 (38)
29 36 37 38 315 (38)
29 34 36 37 315 (38)
4 29 36 37 315 (38)
29 34 37 38 315 (38)
4 29 37 38 315 (38)
4 29 34 37 315 (38)
29 32 36 38 315 (38)
29 32 34 36 315 (38)
4 29 32 36 315 (38)
29 32 34 38 315 (38)
4 29 32 38 315 (38)
4 29 32 34 315 (38)
29 34 36 38 315 (38)
4 29 36 38 315 (38)
4 29 34 36 315 (38)
4 29 34 38 315 (38)
29 32 36 37 38 (40)
29 32 34 36 37 (40)
4 29 32 36 37 (40)
29 32 34 37 38 (40)
4 29 32 37 38 (40)
4 29 32 34 37 (40)
29 34 36 37 38 (40)
4 29 36 37 38 (40)
4 29 34 36 37 (40)
4 29 34 37 38 (40)
29 32 34 36 38 (40)
4 29 32 36 38 (40)
4 29 32 34 36 (40)
4 29 32 34 38 (40)
4 29 34 36 38 (40)
29 32 36 37 38 315 (38)
29 32 34 36 37 315 (38)
4 29 32 36 37 315 (38)
29 32 34 37 38 315 (38)
4 29 32 37 38 315 (38)
4 29 32 34 37 315 (38)
29 34 36 37 38 315 (38)
4 29 36 37 38 315 (38)
4 29 34 36 37 315 (38)
4 29 34 37 38 315 (38)
29 32 34 36 38 315 (38)
4 29 32 36 38 315 (38)
4 29 32 34 36 315 (38)
4 29 32 34 38 315 (38)
4 29 34 36 38 315 (38)
29 32 34 36 37 38 (41)
4 29 32 36 37 38 (41)
4 29 32 34 36 37 (41)
4 29 32 34 37 38 (41)
4 29 34 36 37 38 (41)
4 29 32 34 36 38 (41)
32 36 37 38 315 (49)
32 34 36 37 315 (49)
4 32 36 37 315 (49)
32 34 37 38 315 (49)
4 32 37 38 315 (49)
4 32 34 37 315 (49)
34 36 37 38 315 (49)
4 36 37 38 315 (49)
4 34 36 37 315 (49)
4 34 37 38 315 (49)
32 34 36 38 315 (49)
4 32 36 38 315 (49)
4 32 34 36 315 (49)
4 32 34 38 315 (49)
4 34 36 38 315 (49)
32 34 36 37 38 315 (50)
4 32 36 37 38 315 (50)
4 32 34 36 37 315 (50)
4 32 34 37 38 315 (50)
4 34 36 37 38 315 (50)
4 32 34 36 38 315 (50)
32 34 36 37 38 (70)
4 32 36 37 38 (70)
4 32 34 36 37 (70)
4 32 34 37 38 (70)
4 34 36 37 38 (70)
4 32 34 36 37 38 (71)
4 32 34 36 38 (70)
4 32 34 36 37 38 323 (30)
29 30 32 36 37 315 (31)
29 30 32 37 38 315 (31)
29 30 32 34 37 315 (31)
4 29 30 32 37 315 (31)
29 30 36 37 38 315 (31)
29 30 34 36 37 315 (31)
4 29 30 36 37 315 (31)
29 30 34 37 38 315 (31)
4 29 30 37 38 315 (31)
4 29 30 34 37 315 (31)
29 30 32 36 38 315 (31)
29 30 32 34 36 315 (31)
4 29 30 32 36 315 (31)
29 30 32 34 38 315 (31)
4 29 30 32 38 315 (31)
4 29 30 32 34 315 (31)
29 30 34 36 38 315 (31)
4 29 30 36 38 315 (31)
4 29 30 34 36 315 (31)
4 29 30 34 38 315 (31)
29 30 32 36 37 38 (33)
29 30 32 34 36 37 (33)
4 29 30 32 36 37 (33)
29 30 32 34 37 38 (33)
4 29 30 32 37 38 (33)
4 29 30 32 34 37 (33)
29 30 34 36 37 38 (33)
4 29 30 36 37 38 (33)
4 29 30 34 36 37 (33)
4 29 30 34 37 38 (33)
29 30 32 34 36 38 (33)
4 29 30 32 36 38 (33)
4 29 30 32 34 36 (33)
4 29 30 32 34 38 (33)
4 29 30 34 36 38 (33)
30 32 36 37 38 315 (31)
30 32 34 36 37 315 (31)
4 30 32 36 37 315 (31)
30 32 34 37 38 315 (31)
4 30 32 37 38 315 (31)
4 30 32 34 37 315 (31)
30 34 36 37 38 315 (31)
4 30 36 37 38 315 (31)
4 30 34 36 37 315 (31)
4 30 34 37 38 315 (31)
30 32 34 36 38 315 (31)
4 30 32 36 38 315 (31)
4 30 32 34 36 315 (31)
4 30 32 34 38 315 (31)
4 30 34 36 38 315 (31)
30 32 34 36 37 38 (33)
4 30 32 36 37 38 (33)
4 30 32 34 36 37 (33)
4 30 32 34 37 38 (33)
4 30 34 36 37 38 (33)
4 30 32 34 36 38 (33)
29 30 32 36 37 38 315 (31)
29 30 32 34 36 37 315 (31)
4 29 30 32 36 37 315 (31)
29 30 32 34 37 38 315 (31)
4 29 30 32 37 38 315 (31)
4 29 30 32 34 37 315 (31)
29 30 34 36 37 38 315 (31)
4 29 30 36 37 38 315 (31)
4 29 30 34 36 37 315 (31)
4 29 30 34 37 38 315 (31)
29 30 32 34 36 38 315 (31)
4 29 30 32 36 38 315 (31)
4 29 30 32 34 36 315 (31)
4 29 30 32 34 38 315 (31)
4 29 30 34 36 38 315 (31)
29 30 32 34 36 37 38 (34)
4 29 30 32 36 37 38 (34)
4 29 30 32 34 36 37 (34)
4 29 30 32 34 37 38 (34)
4 29 30 34 36 37 38 (34)
4 29 30 32 34 36 38 (34)
30 32 34 36 37 38 315 (31)
4 30 32 36 37 38 315 (31)
4 30 32 34 36 37 315 (31)
4 30 32 34 37 38 315 (31)
4 30 34 36 37 38 315 (31)
4 30 32 34 36 38 315 (31)
4 30 32 34 36 37 38 (34)
32 34 36 37 38 40 (35)
4 32 36 37 38 40 (35)
4 32 34 36 37 40 (35)
4 32 34 37 38 40 (35)
4 34 36 37 38 40 (35)
4 32 34 36 38 40 (35)
4 32 34 36 37 38 40 (36)
32 34 36 37 38 41 (37)
4 32 36 37 38 41 (37)
4 32 34 36 37 41 (37)
4 32 34 37 38 41 (37)
4 34 36 37 38 41 (37)
4 32 34 36 38 41 (37)
4 32 34 36 37 38 41 (38)
29 32 36 37 38 315 (38)
29 32 34 36 37 315 (38)
4 29 32 36 37 315 (38)
29 32 34 37 38 315 (38)
4 29 32 37 38 315 (38)
4 29 32 34 37 315 (38)
29 34 36 37 38 315 (38)
4 29 36 37 38 315 (38)
4 29 34 36 37 315 (38)
4 29 34 37 38 315 (38)
29 32 34 36 38 315 (38)
4 29 32 36 38 315 (38)
4 29 32 34 36 315 (38)
4 29 32 34 38 315 (38)
4 29 34 36 38 315 (38)
29 32 34 36 37 38 (40)
4 29 32 36 37 38 (40)
4 29 32 34 36 37 (40)
4 29 32 34 37 38 (40)
4 29 34 36 37 38 (40)
4 29 32 34 36 38 (40)
29 32 34 36 37 38 315 (38)
4 29 32 36 37 38 315 (38)
4 29 32 34 36 37 315 (38)
4 29 32 34 37 38 315 (38)
4 29 34 36 37 38 315 (38)
4 29 32 34 36 38 315 (38)
4 29 32 34 36 37 38 (41)
32 34 36 37 38 315 (49)
4 32 36 37 38 315 (49)
4 32 34 36 37 315 (49)
4 32 34 37 38 315 (49)
4 34 36 37 38 315 (49)
4 32 34 36 38 315 (49)
4 32 34 36 37 38 315 (50)
4 32 34 36 37 38 (70)
29 30 32 36 37 38 315 (31)
29 30 32 34 36 37 315 (31)
4 29 30 32 36 37 315 (31)
29 30 32 34 37 38 315 (31)
4 29 30 32 37 38 315 (31)
4 29 30 32 34 37 315 (31)
29 30 34 36 37 38 315 (31)
4 29 30 36 37 38 315 (31)
4 29 30 34 36 37 315 (31)
4 29 30 34 37 38 315 (31)
29 30 32 34 36 38 315 (31)
4 29 30 32 36 38 315 (31)
4 29 30 32 34 36 315 (31)
4 29 30 32 34 38 315 (31)
4 29 30 34 36 38 315 (31)
29 30 32 34 36 37 38 (33)
4 29 30 32 36 37 38 (33)
4 29 30 32 34 36 37 (33)
4 29 30 32 34 37 38 (33)
4 29 30 34 36 37 38 (33)
4 29 30 32 34 36 38 (33)
30 32 34 36 37 38 315 (31)
4 30 32 36 37 38 315 (31)
4 30 32 34 36 37 315 (31)
4 30 32 34 37 38 315 (31)
4 30 34 36 37 38 315 (31)
4 30 32 34 36 38 315 (31)
4 30 32 34 36 37 38 (33)
29 30 32 34 36 37 38 315 (31)
4 29 30 32 36 37 38 315 (31)
4 29 30 32 34 36 37 315 (31)
4 29 30 32 34 37 38 315 (31)
4 29 30 34 36 37 38 315 (31)
4 29 30 32 34 36 38 315 (31)
4 29 30 32 34 36 37 38 (34)
4 30 32 34 36 37 38 315 (31)
4 32 34 36 37 38 40 (35)
4 32 34 36 37 38 41 (37)
29 32 34 36 37 38 315 (38)
4 29 32 36 37 38 315 (38)
4 29 32 34 36 37 315 (38)
4 29 32 34 37 38 315 (38)
4 29 34 36 37 38 315 (38)
4 29 32 34 36 38 315 (38)
4 29 32 34 36 37 38 (40)
4 29 32 34 36 37 38 315 (38)
4 32 34 36 37 38 315 (49)
29 30 32 34 36 37 38 315 (31)
4 29 30 32 36 37 38 315 (31)
4 29 30 32 34 36 37 315 (31)
4 29 30 32 34 37 38 315 (31)
4 29 30 34 36 37 38 315 (31)
4 29 30 32 34 36 38 315 (31)
4 29 30 32 34 36 37 38 (33)
4 30 32 34 36 37 38 315 (31)
4 29 30 32 34 36 37 38 315 (31)
4 29 32 34 36 37 38 315 (38)
4 29 30 32 34 36 37 38 315 (31)
